2014-08-24 11:49:13,430 INFO [org.springframework.context.support.ClassPathXmlApplicationContext] - Refreshing org.springframework.context.support.ClassPathXmlApplicationContext@1ba1d9: startup date [Sun Aug 24 11:49:13 IST 2014]; root of context hierarchy
2014-08-24 11:49:13,492 INFO [org.springframework.beans.factory.xml.XmlBeanDefinitionReader] - Loading XML bean definitions from class path resource [employee.xml]
2014-08-24 11:49:13,851 WARN [org.springframework.beans.factory.config.CustomEditorConfigurer] - Passing PropertyEditor instances into CustomEditorConfigurer is deprecated: use PropertyEditorRegistrars or PropertyEditor class names instead. Offending key [java.sql.Date; offending editor instance: com.igate.intro.SQLDateEditor@543360
2014-08-24 11:49:13,867 INFO [org.springframework.beans.factory.support.DefaultListableBeanFactory] - Pre-instantiating singletons in org.springframework.beans.factory.support.DefaultListableBeanFactory@1e034c6: defining beans [customEditorConfigurer,employee]; root of factory hierarchy
2014-08-24 11:49:27,860 INFO [org.springframework.context.support.ClassPathXmlApplicationContext] - Refreshing org.springframework.context.support.ClassPathXmlApplicationContext@1ba1d9: startup date [Sun Aug 24 11:49:27 IST 2014]; root of context hierarchy
2014-08-24 11:49:27,922 INFO [org.springframework.beans.factory.xml.XmlBeanDefinitionReader] - Loading XML bean definitions from class path resource [employee.xml]
2014-08-24 11:49:28,078 WARN [org.springframework.beans.factory.config.CustomEditorConfigurer] - Passing PropertyEditor instances into CustomEditorConfigurer is deprecated: use PropertyEditorRegistrars or PropertyEditor class names instead. Offending key [java.sql.Date; offending editor instance: com.igate.intro.SQLDateEditor@543360
2014-08-24 11:49:28,078 INFO [org.springframework.beans.factory.support.DefaultListableBeanFactory] - Pre-instantiating singletons in org.springframework.beans.factory.support.DefaultListableBeanFactory@1e034c6: defining beans [customEditorConfigurer,employee]; root of factory hierarchy
2014-08-24 11:58:31,504 INFO [org.springframework.context.support.ClassPathXmlApplicationContext] - Refreshing org.springframework.context.support.ClassPathXmlApplicationContext@1798928: startup date [Sun Aug 24 11:58:31 IST 2014]; root of context hierarchy
2014-08-24 11:58:31,551 INFO [org.springframework.beans.factory.xml.XmlBeanDefinitionReader] - Loading XML bean definitions from class path resource [employee.xml]
2014-08-24 11:58:31,738 WARN [org.springframework.beans.factory.config.CustomEditorConfigurer] - Passing PropertyEditor instances into CustomEditorConfigurer is deprecated: use PropertyEditorRegistrars or PropertyEditor class names instead. Offending key [java.sql.Date; offending editor instance: com.igate.intro.SQLDateEditor@e352d9
2014-08-24 11:58:31,738 INFO [org.springframework.beans.factory.support.DefaultListableBeanFactory] - Pre-instantiating singletons in org.springframework.beans.factory.support.DefaultListableBeanFactory@13f12a1: defining beans [customEditorConfigurer,employee]; root of factory hierarchy
2014-08-24 12:35:35,421 INFO [org.springframework.context.support.ClassPathXmlApplicationContext] - Refreshing org.springframework.context.support.ClassPathXmlApplicationContext@1e6978d: startup date [Sun Aug 24 12:35:35 IST 2014]; root of context hierarchy
2014-08-24 12:35:35,468 INFO [org.springframework.beans.factory.xml.XmlBeanDefinitionReader] - Loading XML bean definitions from class path resource [message.xml]
2014-08-24 12:35:35,655 INFO [org.springframework.beans.factory.support.DefaultListableBeanFactory] - Pre-instantiating singletons in org.springframework.beans.factory.support.DefaultListableBeanFactory@10ea988: defining beans [messageSource]; root of factory hierarchy
2014-08-24 12:36:11,519 INFO [org.springframework.context.support.ClassPathXmlApplicationContext] - Refreshing org.springframework.context.support.ClassPathXmlApplicationContext@91a4fb: startup date [Sun Aug 24 12:36:11 IST 2014]; root of context hierarchy
2014-08-24 12:36:11,566 INFO [org.springframework.beans.factory.xml.XmlBeanDefinitionReader] - Loading XML bean definitions from class path resource [message.xml]
2014-08-24 12:36:11,722 INFO [org.springframework.beans.factory.support.DefaultListableBeanFactory] - Pre-instantiating singletons in org.springframework.beans.factory.support.DefaultListableBeanFactory@128b33a: defining beans [messageSource]; root of factory hierarchy
2014-08-24 12:36:39,443 INFO [org.springframework.context.support.ClassPathXmlApplicationContext] - Refreshing org.springframework.context.support.ClassPathXmlApplicationContext@91a4fb: startup date [Sun Aug 24 12:36:39 IST 2014]; root of context hierarchy
2014-08-24 12:36:39,490 INFO [org.springframework.beans.factory.xml.XmlBeanDefinitionReader] - Loading XML bean definitions from class path resource [message.xml]
2014-08-24 12:36:39,646 INFO [org.springframework.beans.factory.support.DefaultListableBeanFactory] - Pre-instantiating singletons in org.springframework.beans.factory.support.DefaultListableBeanFactory@128b33a: defining beans [messageSource]; root of factory hierarchy
2014-08-24 17:46:10,981 INFO [org.springframework.beans.factory.xml.XmlBeanDefinitionReader] - Loading XML bean definitions from class path resource [beanConfig.xml]
2014-08-24 17:47:21,868 INFO [org.springframework.beans.factory.xml.XmlBeanDefinitionReader] - Loading XML bean definitions from class path resource [beanConfig.xml]
2014-08-24 17:48:02,802 INFO [org.springframework.beans.factory.xml.XmlBeanDefinitionReader] - Loading XML bean definitions from class path resource [beanConfig.xml]
2014-08-24 17:49:06,123 INFO [org.springframework.beans.factory.xml.XmlBeanDefinitionReader] - Loading XML bean definitions from class path resource [beanConfig.xml]
2014-08-24 17:50:50,690 INFO [org.springframework.beans.factory.xml.XmlBeanDefinitionReader] - Loading XML bean definitions from class path resource [beanConfig.xml]
2014-08-24 17:52:48,361 INFO [org.springframework.beans.factory.xml.XmlBeanDefinitionReader] - Loading XML bean definitions from class path resource [beanConfig.xml]
2014-08-24 17:54:15,612 INFO [org.springframework.context.support.ClassPathXmlApplicationContext] - Refreshing org.springframework.context.support.ClassPathXmlApplicationContext@1ba1d9: startup date [Sun Aug 24 17:54:15 IST 2014]; root of context hierarchy
2014-08-24 17:54:15,658 INFO [org.springframework.beans.factory.xml.XmlBeanDefinitionReader] - Loading XML bean definitions from class path resource [beanConfig.xml]
2014-08-24 17:54:15,877 INFO [org.springframework.beans.factory.config.PropertyPlaceholderConfigurer] - Loading properties file from class path resource [lang.properties]
2014-08-24 17:54:15,892 INFO [org.springframework.beans.factory.support.DefaultListableBeanFactory] - Pre-instantiating singletons in org.springframework.beans.factory.support.DefaultListableBeanFactory@10a5068: defining beans [com.igate.msg.InitHelloWorld#0,placeHolderConfig,messageSource,HelloWorldBean]; root of factory hierarchy
