2012-03-06 00:19:43,359 INFO [org.springframework.context.support.ClassPathXmlApplicationContext] - Refreshing org.springframework.context.support.ClassPathXmlApplicationContext@53ba3d: startup date [Tue Mar 06 00:19:43 IST 2012]; root of context hierarchy
2012-03-06 00:19:43,421 INFO [org.springframework.beans.factory.xml.XmlBeanDefinitionReader] - Loading XML bean definitions from class path resource [business.xml]
2012-03-06 00:19:43,687 INFO [org.springframework.beans.factory.support.DefaultListableBeanFactory] - Pre-instantiating singletons in org.springframework.beans.factory.support.DefaultListableBeanFactory@15b0afd: defining beans [org.springframework.aop.config.internalAutoProxyCreator,businessProfiler,myBusinessClass]; root of factory hierarchy
2012-03-06 00:22:14,609 INFO [org.springframework.context.support.ClassPathXmlApplicationContext] - Refreshing org.springframework.context.support.ClassPathXmlApplicationContext@67ac19: startup date [Tue Mar 06 00:22:14 IST 2012]; root of context hierarchy
2012-03-06 00:22:14,656 INFO [org.springframework.beans.factory.xml.XmlBeanDefinitionReader] - Loading XML bean definitions from class path resource [business.xml]
2012-03-06 00:22:14,906 INFO [org.springframework.beans.factory.support.DefaultListableBeanFactory] - Pre-instantiating singletons in org.springframework.beans.factory.support.DefaultListableBeanFactory@587c94: defining beans [org.springframework.aop.config.internalAutoProxyCreator,businessProfiler,myBusinessClass]; root of factory hierarchy
2012-03-06 11:39:30,093 INFO [org.springframework.context.support.ClassPathXmlApplicationContext] - Refreshing org.springframework.context.support.ClassPathXmlApplicationContext@53ba3d: startup date [Tue Mar 06 11:39:30 IST 2012]; root of context hierarchy
2012-03-06 11:39:30,156 INFO [org.springframework.beans.factory.xml.XmlBeanDefinitionReader] - Loading XML bean definitions from class path resource [business.xml]
2012-03-06 11:39:30,437 INFO [org.springframework.beans.factory.support.DefaultListableBeanFactory] - Pre-instantiating singletons in org.springframework.beans.factory.support.DefaultListableBeanFactory@15b0afd: defining beans [org.springframework.aop.config.internalAutoProxyCreator,businessProfiler,myBusinessClass]; root of factory hierarchy
2012-03-06 11:43:08,302 INFO [org.springframework.context.support.ClassPathXmlApplicationContext] - Refreshing org.springframework.context.support.ClassPathXmlApplicationContext@53ba3d: startup date [Tue Mar 06 11:43:08 IST 2012]; root of context hierarchy
2012-03-06 11:43:08,349 INFO [org.springframework.beans.factory.xml.XmlBeanDefinitionReader] - Loading XML bean definitions from class path resource [business.xml]
2012-03-06 11:43:08,583 INFO [org.springframework.beans.factory.support.DefaultListableBeanFactory] - Pre-instantiating singletons in org.springframework.beans.factory.support.DefaultListableBeanFactory@15b0afd: defining beans [org.springframework.aop.config.internalAutoProxyCreator,businessProfiler,myBusinessClass]; root of factory hierarchy
2012-03-06 11:43:47,418 INFO [org.springframework.context.support.ClassPathXmlApplicationContext] - Refreshing org.springframework.context.support.ClassPathXmlApplicationContext@e80a59: startup date [Tue Mar 06 11:43:47 IST 2012]; root of context hierarchy
2012-03-06 11:43:47,465 INFO [org.springframework.beans.factory.xml.XmlBeanDefinitionReader] - Loading XML bean definitions from class path resource [business.xml]
2012-03-06 11:43:47,714 INFO [org.springframework.beans.factory.support.DefaultListableBeanFactory] - Pre-instantiating singletons in org.springframework.beans.factory.support.DefaultListableBeanFactory@d08633: defining beans [org.springframework.aop.config.internalAutoProxyCreator,businessProfiler,myBusinessClass]; root of factory hierarchy
2012-03-06 11:44:32,709 INFO [org.springframework.context.support.ClassPathXmlApplicationContext] - Refreshing org.springframework.context.support.ClassPathXmlApplicationContext@53c015: startup date [Tue Mar 06 11:44:32 IST 2012]; root of context hierarchy
2012-03-06 11:44:32,803 INFO [org.springframework.beans.factory.xml.XmlBeanDefinitionReader] - Loading XML bean definitions from class path resource [business.xml]
2012-03-06 11:44:33,005 INFO [org.springframework.beans.factory.support.DefaultListableBeanFactory] - Pre-instantiating singletons in org.springframework.beans.factory.support.DefaultListableBeanFactory@587c94: defining beans [org.springframework.aop.config.internalAutoProxyCreator,businessProfiler,myBusinessClass]; root of factory hierarchy
2012-03-06 11:49:50,963 INFO [org.springframework.context.support.ClassPathXmlApplicationContext] - Refreshing org.springframework.context.support.ClassPathXmlApplicationContext@53ba3d: startup date [Tue Mar 06 11:49:50 IST 2012]; root of context hierarchy
2012-03-06 11:49:51,041 INFO [org.springframework.beans.factory.xml.XmlBeanDefinitionReader] - Loading XML bean definitions from class path resource [business.xml]
2012-03-06 11:49:51,338 INFO [org.springframework.beans.factory.support.DefaultListableBeanFactory] - Pre-instantiating singletons in org.springframework.beans.factory.support.DefaultListableBeanFactory@f11404: defining beans [org.springframework.aop.config.internalAutoProxyCreator,businessProfiler,myBusinessClass]; root of factory hierarchy
2012-03-06 13:28:13,655 INFO [org.springframework.context.support.ClassPathXmlApplicationContext] - Refreshing org.springframework.context.support.ClassPathXmlApplicationContext@67ac19: startup date [Tue Mar 06 13:28:13 IST 2012]; root of context hierarchy
2012-03-06 13:28:13,718 INFO [org.springframework.beans.factory.xml.XmlBeanDefinitionReader] - Loading XML bean definitions from class path resource [business.xml]
2012-03-06 13:28:13,999 INFO [org.springframework.beans.factory.support.DefaultListableBeanFactory] - Pre-instantiating singletons in org.springframework.beans.factory.support.DefaultListableBeanFactory@14c1103: defining beans [org.springframework.aop.config.internalAutoProxyCreator,businessProfiler,myBusinessClass]; root of factory hierarchy
2012-03-06 13:35:35,204 INFO [org.springframework.context.support.ClassPathXmlApplicationContext] - Refreshing org.springframework.context.support.ClassPathXmlApplicationContext@53ba3d: startup date [Tue Mar 06 13:35:35 IST 2012]; root of context hierarchy
2012-03-06 13:35:35,267 INFO [org.springframework.beans.factory.xml.XmlBeanDefinitionReader] - Loading XML bean definitions from class path resource [business.xml]
2012-03-06 13:35:35,470 INFO [org.springframework.beans.factory.support.DefaultListableBeanFactory] - Pre-instantiating singletons in org.springframework.beans.factory.support.DefaultListableBeanFactory@f11404: defining beans [org.springframework.aop.config.internalAutoProxyCreator,businessProfiler,myBusinessClass]; root of factory hierarchy
2012-03-06 13:36:45,503 INFO [org.springframework.context.support.ClassPathXmlApplicationContext] - Refreshing org.springframework.context.support.ClassPathXmlApplicationContext@53c015: startup date [Tue Mar 06 13:36:45 IST 2012]; root of context hierarchy
2012-03-06 13:36:45,565 INFO [org.springframework.beans.factory.xml.XmlBeanDefinitionReader] - Loading XML bean definitions from class path resource [business.xml]
2012-03-06 13:36:45,847 INFO [org.springframework.beans.factory.support.DefaultListableBeanFactory] - Pre-instantiating singletons in org.springframework.beans.factory.support.DefaultListableBeanFactory@14c1103: defining beans [org.springframework.aop.config.internalAutoProxyCreator,businessProfiler,myBusinessClass]; root of factory hierarchy
2012-03-06 13:43:17,882 INFO [org.springframework.context.support.ClassPathXmlApplicationContext] - Refreshing org.springframework.context.support.ClassPathXmlApplicationContext@53ba3d: startup date [Tue Mar 06 13:43:17 IST 2012]; root of context hierarchy
2012-03-06 13:43:17,928 INFO [org.springframework.beans.factory.xml.XmlBeanDefinitionReader] - Loading XML bean definitions from class path resource [business.xml]
2012-03-06 13:43:18,163 INFO [org.springframework.beans.factory.support.DefaultListableBeanFactory] - Pre-instantiating singletons in org.springframework.beans.factory.support.DefaultListableBeanFactory@f11404: defining beans [org.springframework.aop.config.internalAutoProxyCreator,businessProfiler,myBusinessClass]; root of factory hierarchy
2012-03-06 14:41:21,901 INFO [org.springframework.context.support.ClassPathXmlApplicationContext] - Refreshing org.springframework.context.support.ClassPathXmlApplicationContext@53ba3d: startup date [Tue Mar 06 14:41:21 IST 2012]; root of context hierarchy
2012-03-06 14:41:21,963 INFO [org.springframework.beans.factory.xml.XmlBeanDefinitionReader] - Loading XML bean definitions from class path resource [business.xml]
2012-03-06 14:41:22,213 INFO [org.springframework.beans.factory.support.DefaultListableBeanFactory] - Pre-instantiating singletons in org.springframework.beans.factory.support.DefaultListableBeanFactory@f11404: defining beans [org.springframework.aop.config.internalAutoProxyCreator,businessProfiler,myBusinessClass]; root of factory hierarchy
2012-03-06 14:44:43,458 INFO [org.springframework.context.support.ClassPathXmlApplicationContext] - Refreshing org.springframework.context.support.ClassPathXmlApplicationContext@53ba3d: startup date [Tue Mar 06 14:44:43 IST 2012]; root of context hierarchy
2012-03-06 14:44:43,520 INFO [org.springframework.beans.factory.xml.XmlBeanDefinitionReader] - Loading XML bean definitions from class path resource [business.xml]
2012-03-06 14:44:43,739 INFO [org.springframework.beans.factory.support.DefaultListableBeanFactory] - Pre-instantiating singletons in org.springframework.beans.factory.support.DefaultListableBeanFactory@f11404: defining beans [org.springframework.aop.config.internalAutoProxyCreator,businessProfiler,myBusinessClass]; root of factory hierarchy
2012-03-06 14:45:23,848 INFO [org.springframework.context.support.ClassPathXmlApplicationContext] - Refreshing org.springframework.context.support.ClassPathXmlApplicationContext@53ba3d: startup date [Tue Mar 06 14:45:23 IST 2012]; root of context hierarchy
2012-03-06 14:45:23,910 INFO [org.springframework.beans.factory.xml.XmlBeanDefinitionReader] - Loading XML bean definitions from class path resource [business.xml]
2012-03-06 14:45:24,113 INFO [org.springframework.beans.factory.support.DefaultListableBeanFactory] - Pre-instantiating singletons in org.springframework.beans.factory.support.DefaultListableBeanFactory@f11404: defining beans [org.springframework.aop.config.internalAutoProxyCreator,businessProfiler,myBusinessClass]; root of factory hierarchy
2012-03-06 14:46:20,815 INFO [org.springframework.context.support.ClassPathXmlApplicationContext] - Refreshing org.springframework.context.support.ClassPathXmlApplicationContext@67ac19: startup date [Tue Mar 06 14:46:20 IST 2012]; root of context hierarchy
2012-03-06 14:46:20,877 INFO [org.springframework.beans.factory.xml.XmlBeanDefinitionReader] - Loading XML bean definitions from class path resource [business.xml]
2012-03-06 14:46:21,080 INFO [org.springframework.beans.factory.support.DefaultListableBeanFactory] - Pre-instantiating singletons in org.springframework.beans.factory.support.DefaultListableBeanFactory@f11404: defining beans [org.springframework.aop.config.internalAutoProxyCreator,businessProfiler,myBusinessClass]; root of factory hierarchy
2012-03-06 14:46:46,955 INFO [org.springframework.context.support.ClassPathXmlApplicationContext] - Refreshing org.springframework.context.support.ClassPathXmlApplicationContext@53ba3d: startup date [Tue Mar 06 14:46:46 IST 2012]; root of context hierarchy
2012-03-06 14:46:47,017 INFO [org.springframework.beans.factory.xml.XmlBeanDefinitionReader] - Loading XML bean definitions from class path resource [business.xml]
2012-03-06 14:46:47,251 INFO [org.springframework.beans.factory.support.DefaultListableBeanFactory] - Pre-instantiating singletons in org.springframework.beans.factory.support.DefaultListableBeanFactory@f11404: defining beans [org.springframework.aop.config.internalAutoProxyCreator,businessProfiler,myBusinessClass]; root of factory hierarchy
2012-03-06 14:47:59,218 INFO [org.springframework.context.support.ClassPathXmlApplicationContext] - Refreshing org.springframework.context.support.ClassPathXmlApplicationContext@53ba3d: startup date [Tue Mar 06 14:47:59 IST 2012]; root of context hierarchy
2012-03-06 14:47:59,280 INFO [org.springframework.beans.factory.xml.XmlBeanDefinitionReader] - Loading XML bean definitions from class path resource [business.xml]
2012-03-06 14:47:59,515 INFO [org.springframework.beans.factory.support.DefaultListableBeanFactory] - Pre-instantiating singletons in org.springframework.beans.factory.support.DefaultListableBeanFactory@f11404: defining beans [org.springframework.aop.config.internalAutoProxyCreator,businessProfiler,myBusinessClass]; root of factory hierarchy
2012-03-06 14:48:17,217 INFO [org.springframework.context.support.ClassPathXmlApplicationContext] - Refreshing org.springframework.context.support.ClassPathXmlApplicationContext@67ac19: startup date [Tue Mar 06 14:48:17 IST 2012]; root of context hierarchy
2012-03-06 14:48:17,295 INFO [org.springframework.beans.factory.xml.XmlBeanDefinitionReader] - Loading XML bean definitions from class path resource [business.xml]
2012-03-06 14:48:17,561 INFO [org.springframework.beans.factory.support.DefaultListableBeanFactory] - Pre-instantiating singletons in org.springframework.beans.factory.support.DefaultListableBeanFactory@14c1103: defining beans [org.springframework.aop.config.internalAutoProxyCreator,businessProfiler,myBusinessClass]; root of factory hierarchy
2012-03-06 15:04:06,263 INFO [org.springframework.context.support.ClassPathXmlApplicationContext] - Refreshing org.springframework.context.support.ClassPathXmlApplicationContext@67ac19: startup date [Tue Mar 06 15:04:06 IST 2012]; root of context hierarchy
2012-03-06 15:04:06,325 INFO [org.springframework.beans.factory.xml.XmlBeanDefinitionReader] - Loading XML bean definitions from class path resource [business.xml]
2012-03-06 15:04:06,591 INFO [org.springframework.beans.factory.support.DefaultListableBeanFactory] - Pre-instantiating singletons in org.springframework.beans.factory.support.DefaultListableBeanFactory@14c1103: defining beans [org.springframework.aop.config.internalAutoProxyCreator,businessProfiler,myBusinessClass]; root of factory hierarchy
2012-03-06 15:04:32,997 INFO [org.springframework.context.support.ClassPathXmlApplicationContext] - Refreshing org.springframework.context.support.ClassPathXmlApplicationContext@53ba3d: startup date [Tue Mar 06 15:04:32 IST 2012]; root of context hierarchy
2012-03-06 15:04:33,090 INFO [org.springframework.beans.factory.xml.XmlBeanDefinitionReader] - Loading XML bean definitions from class path resource [business.xml]
2012-03-06 15:04:33,356 INFO [org.springframework.beans.factory.support.DefaultListableBeanFactory] - Pre-instantiating singletons in org.springframework.beans.factory.support.DefaultListableBeanFactory@f11404: defining beans [org.springframework.aop.config.internalAutoProxyCreator,businessProfiler,myBusinessClass]; root of factory hierarchy
2012-03-06 15:08:20,995 INFO [org.springframework.context.support.ClassPathXmlApplicationContext] - Refreshing org.springframework.context.support.ClassPathXmlApplicationContext@67ac19: startup date [Tue Mar 06 15:08:20 IST 2012]; root of context hierarchy
2012-03-06 15:08:21,073 INFO [org.springframework.beans.factory.xml.XmlBeanDefinitionReader] - Loading XML bean definitions from class path resource [business.xml]
2012-03-06 15:08:21,386 INFO [org.springframework.beans.factory.support.DefaultListableBeanFactory] - Pre-instantiating singletons in org.springframework.beans.factory.support.DefaultListableBeanFactory@14c1103: defining beans [org.springframework.aop.config.internalAutoProxyCreator,businessProfiler,myBusinessClass]; root of factory hierarchy
2012-03-06 15:11:03,041 INFO [org.springframework.context.support.ClassPathXmlApplicationContext] - Refreshing org.springframework.context.support.ClassPathXmlApplicationContext@67ac19: startup date [Tue Mar 06 15:11:03 IST 2012]; root of context hierarchy
2012-03-06 15:11:03,104 INFO [org.springframework.beans.factory.xml.XmlBeanDefinitionReader] - Loading XML bean definitions from class path resource [business.xml]
2012-03-06 15:11:03,307 INFO [org.springframework.beans.factory.support.DefaultListableBeanFactory] - Pre-instantiating singletons in org.springframework.beans.factory.support.DefaultListableBeanFactory@f11404: defining beans [org.springframework.aop.config.internalAutoProxyCreator,businessProfiler,myBusinessClass]; root of factory hierarchy
2012-03-06 15:11:20,963 INFO [org.springframework.context.support.ClassPathXmlApplicationContext] - Refreshing org.springframework.context.support.ClassPathXmlApplicationContext@53ba3d: startup date [Tue Mar 06 15:11:20 IST 2012]; root of context hierarchy
2012-03-06 15:11:21,041 INFO [org.springframework.beans.factory.xml.XmlBeanDefinitionReader] - Loading XML bean definitions from class path resource [business.xml]
2012-03-06 15:11:21,275 INFO [org.springframework.beans.factory.support.DefaultListableBeanFactory] - Pre-instantiating singletons in org.springframework.beans.factory.support.DefaultListableBeanFactory@f11404: defining beans [org.springframework.aop.config.internalAutoProxyCreator,businessProfiler,myBusinessClass]; root of factory hierarchy
2012-04-11 23:46:44,187 INFO [org.springframework.context.support.ClassPathXmlApplicationContext] - Refreshing org.springframework.context.support.ClassPathXmlApplicationContext@67ac19: startup date [Wed Apr 11 23:46:44 IST 2012]; root of context hierarchy
2012-04-11 23:46:44,250 INFO [org.springframework.beans.factory.xml.XmlBeanDefinitionReader] - Loading XML bean definitions from class path resource [business.xml]
2012-04-11 23:46:44,562 INFO [org.springframework.beans.factory.support.DefaultListableBeanFactory] - Pre-instantiating singletons in org.springframework.beans.factory.support.DefaultListableBeanFactory@b64435: defining beans [org.springframework.aop.config.internalAutoProxyCreator,businessProfiler,myBusinessClass]; root of factory hierarchy
2012-04-16 09:33:26,278 INFO [org.springframework.context.support.ClassPathXmlApplicationContext] - Refreshing org.springframework.context.support.ClassPathXmlApplicationContext@53c015: startup date [Mon Apr 16 09:33:26 IST 2012]; root of context hierarchy
2012-04-16 09:33:26,356 INFO [org.springframework.beans.factory.xml.XmlBeanDefinitionReader] - Loading XML bean definitions from class path resource [business.xml]
2012-04-16 09:33:26,606 INFO [org.springframework.beans.factory.support.DefaultListableBeanFactory] - Pre-instantiating singletons in org.springframework.beans.factory.support.DefaultListableBeanFactory@1a9334: defining beans [org.springframework.aop.config.internalAutoProxyCreator,businessProfiler,myBusinessClass]; root of factory hierarchy
2012-04-16 09:35:04,085 INFO [org.springframework.context.support.ClassPathXmlApplicationContext] - Refreshing org.springframework.context.support.ClassPathXmlApplicationContext@67ac19: startup date [Mon Apr 16 09:35:04 IST 2012]; root of context hierarchy
2012-04-16 09:35:04,132 INFO [org.springframework.beans.factory.xml.XmlBeanDefinitionReader] - Loading XML bean definitions from class path resource [business.xml]
2012-04-16 09:35:04,460 INFO [org.springframework.beans.factory.support.DefaultListableBeanFactory] - Pre-instantiating singletons in org.springframework.beans.factory.support.DefaultListableBeanFactory@1a9334: defining beans [org.springframework.aop.config.internalAutoProxyCreator,businessProfiler,myBusinessClass]; root of factory hierarchy
2012-04-16 11:07:23,847 INFO [org.springframework.context.support.ClassPathXmlApplicationContext] - Refreshing org.springframework.context.support.ClassPathXmlApplicationContext@53c015: startup date [Mon Apr 16 11:07:23 IST 2012]; root of context hierarchy
2012-04-16 11:07:24,003 INFO [org.springframework.beans.factory.xml.XmlBeanDefinitionReader] - Loading XML bean definitions from class path resource [business.xml]
2012-04-16 11:07:24,659 INFO [org.springframework.beans.factory.support.DefaultListableBeanFactory] - Pre-instantiating singletons in org.springframework.beans.factory.support.DefaultListableBeanFactory@1a9334: defining beans [org.springframework.aop.config.internalAutoProxyCreator,businessProfiler,myBusinessClass]; root of factory hierarchy
2012-04-16 11:10:26,846 INFO [org.springframework.context.support.ClassPathXmlApplicationContext] - Refreshing org.springframework.context.support.ClassPathXmlApplicationContext@53ba3d: startup date [Mon Apr 16 11:10:26 IST 2012]; root of context hierarchy
2012-04-16 11:10:26,908 INFO [org.springframework.beans.factory.xml.XmlBeanDefinitionReader] - Loading XML bean definitions from class path resource [business.xml]
2012-04-16 11:10:27,205 INFO [org.springframework.beans.factory.support.DefaultListableBeanFactory] - Pre-instantiating singletons in org.springframework.beans.factory.support.DefaultListableBeanFactory@37fb1e: defining beans [org.springframework.aop.config.internalAutoProxyCreator,businessProfiler,myBusinessClass]; root of factory hierarchy
2012-04-16 11:17:42,113 INFO [org.springframework.context.support.ClassPathXmlApplicationContext] - Refreshing org.springframework.context.support.ClassPathXmlApplicationContext@53ba3d: startup date [Mon Apr 16 11:17:42 IST 2012]; root of context hierarchy
2012-04-16 11:17:42,176 INFO [org.springframework.beans.factory.xml.XmlBeanDefinitionReader] - Loading XML bean definitions from class path resource [business.xml]
2012-04-16 11:17:42,488 INFO [org.springframework.beans.factory.support.DefaultListableBeanFactory] - Pre-instantiating singletons in org.springframework.beans.factory.support.DefaultListableBeanFactory@b64435: defining beans [org.springframework.aop.config.internalAutoProxyCreator,businessProfiler,myBusinessClass]; root of factory hierarchy
2012-04-16 11:17:42,551 INFO [org.springframework.beans.factory.support.DefaultListableBeanFactory] - Destroying singletons in org.springframework.beans.factory.support.DefaultListableBeanFactory@b64435: defining beans [org.springframework.aop.config.internalAutoProxyCreator,businessProfiler,myBusinessClass]; root of factory hierarchy
2012-04-16 11:19:11,032 INFO [org.springframework.context.support.ClassPathXmlApplicationContext] - Refreshing org.springframework.context.support.ClassPathXmlApplicationContext@53c015: startup date [Mon Apr 16 11:19:11 IST 2012]; root of context hierarchy
2012-04-16 11:19:11,079 INFO [org.springframework.beans.factory.xml.XmlBeanDefinitionReader] - Loading XML bean definitions from class path resource [business.xml]
2012-04-16 11:19:11,329 INFO [org.springframework.beans.factory.support.DefaultListableBeanFactory] - Pre-instantiating singletons in org.springframework.beans.factory.support.DefaultListableBeanFactory@b64435: defining beans [org.springframework.aop.config.internalAutoProxyCreator,businessProfiler,myBusinessClass]; root of factory hierarchy
2012-04-16 11:21:06,482 INFO [org.springframework.context.support.ClassPathXmlApplicationContext] - Refreshing org.springframework.context.support.ClassPathXmlApplicationContext@67ac19: startup date [Mon Apr 16 11:21:06 IST 2012]; root of context hierarchy
2012-04-16 11:21:06,529 INFO [org.springframework.beans.factory.xml.XmlBeanDefinitionReader] - Loading XML bean definitions from class path resource [business.xml]
2012-04-16 11:21:06,779 INFO [org.springframework.beans.factory.support.DefaultListableBeanFactory] - Pre-instantiating singletons in org.springframework.beans.factory.support.DefaultListableBeanFactory@1a9334: defining beans [org.springframework.aop.config.internalAutoProxyCreator,businessProfiler,myBusinessClass]; root of factory hierarchy
2012-06-10 23:38:08,046 INFO [org.springframework.context.support.ClassPathXmlApplicationContext] - Refreshing org.springframework.context.support.ClassPathXmlApplicationContext@53c015: startup date [Sun Jun 10 23:38:08 IST 2012]; root of context hierarchy
2012-06-10 23:38:08,093 INFO [org.springframework.beans.factory.xml.XmlBeanDefinitionReader] - Loading XML bean definitions from class path resource [business.xml]
2012-06-10 23:38:08,406 INFO [org.springframework.beans.factory.support.DefaultListableBeanFactory] - Pre-instantiating singletons in org.springframework.beans.factory.support.DefaultListableBeanFactory@1a9334: defining beans [org.springframework.aop.config.internalAutoProxyCreator,businessProfiler,myBusinessClass]; root of factory hierarchy
2012-06-11 14:34:18,100 INFO [org.springframework.context.support.ClassPathXmlApplicationContext] - Refreshing org.springframework.context.support.ClassPathXmlApplicationContext@67ac19: startup date [Mon Jun 11 14:34:18 IST 2012]; root of context hierarchy
2012-06-11 14:34:18,318 INFO [org.springframework.beans.factory.xml.XmlBeanDefinitionReader] - Loading XML bean definitions from class path resource [business.xml]
2012-06-11 14:34:18,928 INFO [org.springframework.beans.factory.support.DefaultListableBeanFactory] - Pre-instantiating singletons in org.springframework.beans.factory.support.DefaultListableBeanFactory@1a9334: defining beans [org.springframework.aop.config.internalAutoProxyCreator,businessProfiler,myBusinessClass]; root of factory hierarchy
2012-06-11 14:34:58,242 INFO [org.springframework.context.support.ClassPathXmlApplicationContext] - Refreshing org.springframework.context.support.ClassPathXmlApplicationContext@67ac19: startup date [Mon Jun 11 14:34:58 IST 2012]; root of context hierarchy
2012-06-11 14:34:58,320 INFO [org.springframework.beans.factory.xml.XmlBeanDefinitionReader] - Loading XML bean definitions from class path resource [business.xml]
2012-06-11 14:34:58,586 INFO [org.springframework.beans.factory.support.DefaultListableBeanFactory] - Pre-instantiating singletons in org.springframework.beans.factory.support.DefaultListableBeanFactory@1a9334: defining beans [org.springframework.aop.config.internalAutoProxyCreator,businessProfiler,myBusinessClass]; root of factory hierarchy
2012-06-11 14:48:34,248 INFO [org.springframework.context.support.ClassPathXmlApplicationContext] - Refreshing org.springframework.context.support.ClassPathXmlApplicationContext@67ac19: startup date [Mon Jun 11 14:48:34 IST 2012]; root of context hierarchy
2012-06-11 14:48:34,310 INFO [org.springframework.beans.factory.xml.XmlBeanDefinitionReader] - Loading XML bean definitions from class path resource [business.xml]
2012-06-11 14:48:34,514 INFO [org.springframework.beans.factory.support.DefaultListableBeanFactory] - Pre-instantiating singletons in org.springframework.beans.factory.support.DefaultListableBeanFactory@1a9334: defining beans [org.springframework.aop.config.internalAutoProxyCreator,businessProfiler,myBusinessClass]; root of factory hierarchy
2012-06-11 14:49:31,875 INFO [org.springframework.context.support.ClassPathXmlApplicationContext] - Refreshing org.springframework.context.support.ClassPathXmlApplicationContext@67ac19: startup date [Mon Jun 11 14:49:31 IST 2012]; root of context hierarchy
2012-06-11 14:49:31,937 INFO [org.springframework.beans.factory.xml.XmlBeanDefinitionReader] - Loading XML bean definitions from class path resource [business.xml]
2012-06-11 14:49:32,156 INFO [org.springframework.beans.factory.support.DefaultListableBeanFactory] - Pre-instantiating singletons in org.springframework.beans.factory.support.DefaultListableBeanFactory@1a9334: defining beans [org.springframework.aop.config.internalAutoProxyCreator,businessProfiler,myBusinessClass]; root of factory hierarchy
2012-06-11 15:00:19,074 INFO [org.springframework.context.support.ClassPathXmlApplicationContext] - Refreshing org.springframework.context.support.ClassPathXmlApplicationContext@67ac19: startup date [Mon Jun 11 15:00:19 IST 2012]; root of context hierarchy
2012-06-11 15:00:19,121 INFO [org.springframework.beans.factory.xml.XmlBeanDefinitionReader] - Loading XML bean definitions from class path resource [business.xml]
2012-06-11 15:00:19,324 INFO [org.springframework.beans.factory.support.DefaultListableBeanFactory] - Pre-instantiating singletons in org.springframework.beans.factory.support.DefaultListableBeanFactory@b64435: defining beans [org.springframework.aop.config.internalAutoProxyCreator,businessProfiler,myBusinessClass]; root of factory hierarchy
2012-06-11 15:02:29,182 INFO [org.springframework.context.support.ClassPathXmlApplicationContext] - Refreshing org.springframework.context.support.ClassPathXmlApplicationContext@53c015: startup date [Mon Jun 11 15:02:29 IST 2012]; root of context hierarchy
2012-06-11 15:02:29,228 INFO [org.springframework.beans.factory.xml.XmlBeanDefinitionReader] - Loading XML bean definitions from class path resource [business.xml]
2012-06-11 15:02:29,447 INFO [org.springframework.beans.factory.support.DefaultListableBeanFactory] - Pre-instantiating singletons in org.springframework.beans.factory.support.DefaultListableBeanFactory@1a9334: defining beans [org.springframework.aop.config.internalAutoProxyCreator,businessProfiler,myBusinessClass]; root of factory hierarchy
2012-07-10 11:02:38,797 INFO [org.springframework.context.support.ClassPathXmlApplicationContext] - Refreshing org.springframework.context.support.ClassPathXmlApplicationContext@53ba3d: startup date [Tue Jul 10 11:02:38 IST 2012]; root of context hierarchy
2012-07-10 11:02:38,843 INFO [org.springframework.beans.factory.xml.XmlBeanDefinitionReader] - Loading XML bean definitions from class path resource [business.xml]
2012-07-10 11:02:39,062 INFO [org.springframework.beans.factory.support.DefaultListableBeanFactory] - Pre-instantiating singletons in org.springframework.beans.factory.support.DefaultListableBeanFactory@2e7820: defining beans [org.springframework.aop.config.internalAutoProxyCreator,businessProfiler,myBusinessClass]; root of factory hierarchy
2012-07-10 11:04:14,910 INFO [org.springframework.context.support.ClassPathXmlApplicationContext] - Refreshing org.springframework.context.support.ClassPathXmlApplicationContext@53ba3d: startup date [Tue Jul 10 11:04:14 IST 2012]; root of context hierarchy
2012-07-10 11:04:15,223 INFO [org.springframework.beans.factory.xml.XmlBeanDefinitionReader] - Loading XML bean definitions from class path resource [business.xml]
2012-07-10 11:04:15,723 INFO [org.springframework.beans.factory.support.DefaultListableBeanFactory] - Pre-instantiating singletons in org.springframework.beans.factory.support.DefaultListableBeanFactory@15b0afd: defining beans [org.springframework.aop.config.internalAutoProxyCreator,businessProfiler,myBusinessClass]; root of factory hierarchy
2012-07-10 11:07:10,236 INFO [org.springframework.context.support.ClassPathXmlApplicationContext] - Refreshing org.springframework.context.support.ClassPathXmlApplicationContext@53ba3d: startup date [Tue Jul 10 11:07:10 IST 2012]; root of context hierarchy
2012-07-10 11:07:10,283 INFO [org.springframework.beans.factory.xml.XmlBeanDefinitionReader] - Loading XML bean definitions from class path resource [business.xml]
2012-07-10 11:07:10,705 INFO [org.springframework.beans.factory.support.DefaultListableBeanFactory] - Pre-instantiating singletons in org.springframework.beans.factory.support.DefaultListableBeanFactory@2e7820: defining beans [org.springframework.aop.config.internalAutoProxyCreator,businessProfiler,myBusinessClass]; root of factory hierarchy
2012-08-06 14:41:54,536 INFO [org.springframework.context.support.ClassPathXmlApplicationContext] - Refreshing org.springframework.context.support.ClassPathXmlApplicationContext@67ac19: startup date [Mon Aug 06 14:41:54 IST 2012]; root of context hierarchy
2012-08-06 14:41:54,739 INFO [org.springframework.beans.factory.xml.XmlBeanDefinitionReader] - Loading XML bean definitions from class path resource [business.xml]
2012-08-06 14:41:55,349 INFO [org.springframework.beans.factory.support.DefaultListableBeanFactory] - Pre-instantiating singletons in org.springframework.beans.factory.support.DefaultListableBeanFactory@2e7820: defining beans [org.springframework.aop.config.internalAutoProxyCreator,businessProfiler,myBusinessClass]; root of factory hierarchy
2012-08-06 14:42:36,020 INFO [org.springframework.context.support.ClassPathXmlApplicationContext] - Refreshing org.springframework.context.support.ClassPathXmlApplicationContext@53ba3d: startup date [Mon Aug 06 14:42:36 IST 2012]; root of context hierarchy
2012-08-06 14:42:36,067 INFO [org.springframework.beans.factory.xml.XmlBeanDefinitionReader] - Loading XML bean definitions from class path resource [business.xml]
2012-08-06 14:42:36,317 INFO [org.springframework.beans.factory.support.DefaultListableBeanFactory] - Pre-instantiating singletons in org.springframework.beans.factory.support.DefaultListableBeanFactory@d08633: defining beans [org.springframework.aop.config.internalAutoProxyCreator,businessProfiler,myBusinessClass]; root of factory hierarchy
2012-08-06 14:54:32,372 INFO [org.springframework.context.support.ClassPathXmlApplicationContext] - Refreshing org.springframework.context.support.ClassPathXmlApplicationContext@53ba3d: startup date [Mon Aug 06 14:54:32 IST 2012]; root of context hierarchy
2012-08-06 14:54:32,419 INFO [org.springframework.beans.factory.xml.XmlBeanDefinitionReader] - Loading XML bean definitions from class path resource [business.xml]
2012-08-06 14:54:32,669 INFO [org.springframework.beans.factory.support.DefaultListableBeanFactory] - Pre-instantiating singletons in org.springframework.beans.factory.support.DefaultListableBeanFactory@2e7820: defining beans [org.springframework.aop.config.internalAutoProxyCreator,businessProfiler,myBusinessClass]; root of factory hierarchy
2013-05-27 11:47:55,359 INFO [org.springframework.context.support.ClassPathXmlApplicationContext] - Refreshing org.springframework.context.support.ClassPathXmlApplicationContext@1ff5ea7: startup date [Mon May 27 11:47:55 IST 2013]; root of context hierarchy
2013-05-27 11:47:55,422 INFO [org.springframework.beans.factory.xml.XmlBeanDefinitionReader] - Loading XML bean definitions from class path resource [business.xml]
2013-05-27 11:47:55,687 INFO [org.springframework.beans.factory.support.DefaultListableBeanFactory] - Pre-instantiating singletons in org.springframework.beans.factory.support.DefaultListableBeanFactory@1a9334: defining beans [org.springframework.aop.config.internalAutoProxyCreator,businessProfiler,myBusinessClass]; root of factory hierarchy
2013-05-27 11:47:55,703 INFO [org.springframework.beans.factory.support.DefaultListableBeanFactory] - Destroying singletons in org.springframework.beans.factory.support.DefaultListableBeanFactory@1a9334: defining beans [org.springframework.aop.config.internalAutoProxyCreator,businessProfiler,myBusinessClass]; root of factory hierarchy
2013-05-27 11:48:24,719 INFO [org.springframework.context.support.ClassPathXmlApplicationContext] - Refreshing org.springframework.context.support.ClassPathXmlApplicationContext@e80a59: startup date [Mon May 27 11:48:24 IST 2013]; root of context hierarchy
2013-05-27 11:48:24,782 INFO [org.springframework.beans.factory.xml.XmlBeanDefinitionReader] - Loading XML bean definitions from class path resource [business.xml]
2013-05-27 11:48:25,094 INFO [org.springframework.beans.factory.support.DefaultListableBeanFactory] - Pre-instantiating singletons in org.springframework.beans.factory.support.DefaultListableBeanFactory@d08633: defining beans [org.springframework.aop.config.internalAutoProxyCreator,businessProfiler,myBusinessClass]; root of factory hierarchy
2013-05-27 13:59:16,061 INFO [org.springframework.context.support.ClassPathXmlApplicationContext] - Refreshing org.springframework.context.support.ClassPathXmlApplicationContext@e80a59: startup date [Mon May 27 13:59:16 IST 2013]; root of context hierarchy
2013-05-27 13:59:16,201 INFO [org.springframework.beans.factory.xml.XmlBeanDefinitionReader] - Loading XML bean definitions from class path resource [business.xml]
2013-05-27 13:59:16,623 INFO [org.springframework.beans.factory.support.DefaultListableBeanFactory] - Pre-instantiating singletons in org.springframework.beans.factory.support.DefaultListableBeanFactory@2e7820: defining beans [org.springframework.aop.config.internalAutoProxyCreator,businessProfiler,myBusinessClass]; root of factory hierarchy
2013-05-27 13:59:38,156 INFO [org.springframework.context.support.ClassPathXmlApplicationContext] - Refreshing org.springframework.context.support.ClassPathXmlApplicationContext@e80a59: startup date [Mon May 27 13:59:38 IST 2013]; root of context hierarchy
2013-05-27 13:59:38,218 INFO [org.springframework.beans.factory.xml.XmlBeanDefinitionReader] - Loading XML bean definitions from class path resource [business.xml]
2013-05-27 13:59:38,468 INFO [org.springframework.beans.factory.support.DefaultListableBeanFactory] - Pre-instantiating singletons in org.springframework.beans.factory.support.DefaultListableBeanFactory@d08633: defining beans [org.springframework.aop.config.internalAutoProxyCreator,businessProfiler,myBusinessClass]; root of factory hierarchy
2013-05-27 14:00:31,065 INFO [org.springframework.context.support.ClassPathXmlApplicationContext] - Refreshing org.springframework.context.support.ClassPathXmlApplicationContext@e80a59: startup date [Mon May 27 14:00:31 IST 2013]; root of context hierarchy
2013-05-27 14:00:31,112 INFO [org.springframework.beans.factory.xml.XmlBeanDefinitionReader] - Loading XML bean definitions from class path resource [business.xml]
2013-05-27 14:00:31,440 INFO [org.springframework.beans.factory.support.DefaultListableBeanFactory] - Pre-instantiating singletons in org.springframework.beans.factory.support.DefaultListableBeanFactory@d08633: defining beans [org.springframework.aop.config.internalAutoProxyCreator,businessProfiler,myBusinessClass]; root of factory hierarchy
2013-05-27 14:01:07,224 INFO [org.springframework.context.support.ClassPathXmlApplicationContext] - Refreshing org.springframework.context.support.ClassPathXmlApplicationContext@e80a59: startup date [Mon May 27 14:01:07 IST 2013]; root of context hierarchy
2013-05-27 14:01:07,271 INFO [org.springframework.beans.factory.xml.XmlBeanDefinitionReader] - Loading XML bean definitions from class path resource [business.xml]
2013-05-27 14:01:07,490 INFO [org.springframework.beans.factory.support.DefaultListableBeanFactory] - Pre-instantiating singletons in org.springframework.beans.factory.support.DefaultListableBeanFactory@d08633: defining beans [org.springframework.aop.config.internalAutoProxyCreator,businessProfiler,myBusinessClass]; root of factory hierarchy
2013-05-27 14:02:21,432 INFO [org.springframework.context.support.ClassPathXmlApplicationContext] - Refreshing org.springframework.context.support.ClassPathXmlApplicationContext@e80a59: startup date [Mon May 27 14:02:21 IST 2013]; root of context hierarchy
2013-05-27 14:02:21,494 INFO [org.springframework.beans.factory.xml.XmlBeanDefinitionReader] - Loading XML bean definitions from class path resource [business.xml]
2013-05-27 14:02:21,697 INFO [org.springframework.beans.factory.support.DefaultListableBeanFactory] - Pre-instantiating singletons in org.springframework.beans.factory.support.DefaultListableBeanFactory@2e7820: defining beans [org.springframework.aop.config.internalAutoProxyCreator,businessProfiler,myBusinessClass]; root of factory hierarchy
2013-05-27 14:03:47,592 INFO [org.springframework.context.support.ClassPathXmlApplicationContext] - Refreshing org.springframework.context.support.ClassPathXmlApplicationContext@e80a59: startup date [Mon May 27 14:03:47 IST 2013]; root of context hierarchy
2013-05-27 14:03:47,655 INFO [org.springframework.beans.factory.xml.XmlBeanDefinitionReader] - Loading XML bean definitions from class path resource [business.xml]
2013-05-27 14:03:47,905 INFO [org.springframework.beans.factory.support.DefaultListableBeanFactory] - Pre-instantiating singletons in org.springframework.beans.factory.support.DefaultListableBeanFactory@1a9334: defining beans [org.springframework.aop.config.internalAutoProxyCreator,businessProfiler,myBusinessClass]; root of factory hierarchy
2013-06-20 12:01:49,780 INFO [org.springframework.context.support.ClassPathXmlApplicationContext] - Refreshing org.springframework.context.support.ClassPathXmlApplicationContext@e80a59: startup date [Thu Jun 20 12:01:49 IST 2013]; root of context hierarchy
2013-06-20 12:01:49,843 INFO [org.springframework.beans.factory.xml.XmlBeanDefinitionReader] - Loading XML bean definitions from class path resource [business.xml]
2013-06-20 12:01:50,155 INFO [org.springframework.beans.factory.support.DefaultListableBeanFactory] - Pre-instantiating singletons in org.springframework.beans.factory.support.DefaultListableBeanFactory@d08633: defining beans [org.springframework.aop.config.internalAutoProxyCreator,businessProfiler,myBusinessClass]; root of factory hierarchy
2013-06-20 12:02:13,554 INFO [org.springframework.context.support.ClassPathXmlApplicationContext] - Refreshing org.springframework.context.support.ClassPathXmlApplicationContext@53ba3d: startup date [Thu Jun 20 12:02:13 IST 2013]; root of context hierarchy
2013-06-20 12:02:13,601 INFO [org.springframework.beans.factory.xml.XmlBeanDefinitionReader] - Loading XML bean definitions from class path resource [business.xml]
2013-06-20 12:02:13,882 INFO [org.springframework.beans.factory.support.DefaultListableBeanFactory] - Pre-instantiating singletons in org.springframework.beans.factory.support.DefaultListableBeanFactory@2e7820: defining beans [org.springframework.aop.config.internalAutoProxyCreator,businessProfiler,myBusinessClass]; root of factory hierarchy
2013-07-09 13:16:45,823 INFO [org.springframework.context.support.ClassPathXmlApplicationContext] - Refreshing org.springframework.context.support.ClassPathXmlApplicationContext@1813fac: startup date [Tue Jul 09 13:16:45 IST 2013]; root of context hierarchy
2013-07-09 13:16:45,948 INFO [org.springframework.beans.factory.xml.XmlBeanDefinitionReader] - Loading XML bean definitions from class path resource [business.xml]
2013-07-09 13:16:46,245 INFO [org.springframework.beans.factory.support.DefaultListableBeanFactory] - Pre-instantiating singletons in org.springframework.beans.factory.support.DefaultListableBeanFactory@1479feb: defining beans [org.springframework.aop.config.internalAutoProxyCreator,businessProfiler,myBusinessClass]; root of factory hierarchy
2013-07-09 13:17:15,621 INFO [org.springframework.context.support.ClassPathXmlApplicationContext] - Refreshing org.springframework.context.support.ClassPathXmlApplicationContext@1813fac: startup date [Tue Jul 09 13:17:15 IST 2013]; root of context hierarchy
2013-07-09 13:17:15,668 INFO [org.springframework.beans.factory.xml.XmlBeanDefinitionReader] - Loading XML bean definitions from class path resource [business.xml]
2013-07-09 13:17:15,871 INFO [org.springframework.beans.factory.support.DefaultListableBeanFactory] - Pre-instantiating singletons in org.springframework.beans.factory.support.DefaultListableBeanFactory@1479feb: defining beans [org.springframework.aop.config.internalAutoProxyCreator,businessProfiler,myBusinessClass]; root of factory hierarchy
2014-02-12 12:38:05,687 INFO [org.springframework.context.support.ClassPathXmlApplicationContext] - Refreshing org.springframework.context.support.ClassPathXmlApplicationContext@482923: startup date [Wed Feb 12 12:38:05 IST 2014]; root of context hierarchy
2014-02-12 12:38:05,765 INFO [org.springframework.beans.factory.xml.XmlBeanDefinitionReader] - Loading XML bean definitions from class path resource [business.xml]
2014-02-12 12:38:05,984 INFO [org.springframework.beans.factory.support.DefaultListableBeanFactory] - Pre-instantiating singletons in org.springframework.beans.factory.support.DefaultListableBeanFactory@8238f4: defining beans [org.springframework.aop.config.internalAutoProxyCreator,businessProfiler,myBusinessClass]; root of factory hierarchy
2014-02-12 12:51:16,406 INFO [org.springframework.context.support.ClassPathXmlApplicationContext] - Refreshing org.springframework.context.support.ClassPathXmlApplicationContext@1ee4648: startup date [Wed Feb 12 12:51:16 IST 2014]; root of context hierarchy
2014-02-12 12:51:16,468 INFO [org.springframework.beans.factory.xml.XmlBeanDefinitionReader] - Loading XML bean definitions from class path resource [business.xml]
2014-02-12 12:51:16,734 INFO [org.springframework.beans.factory.support.DefaultListableBeanFactory] - Pre-instantiating singletons in org.springframework.beans.factory.support.DefaultListableBeanFactory@c5495e: defining beans [org.springframework.aop.config.internalAutoProxyCreator,businessProfiler,myBusinessClass]; root of factory hierarchy
2014-03-04 13:16:16,468 INFO [org.springframework.context.support.ClassPathXmlApplicationContext] - Refreshing org.springframework.context.support.ClassPathXmlApplicationContext@482923: startup date [Tue Mar 04 13:16:16 IST 2014]; root of context hierarchy
2014-03-04 13:16:16,625 INFO [org.springframework.beans.factory.xml.XmlBeanDefinitionReader] - Loading XML bean definitions from class path resource [business.xml]
2014-03-04 13:16:17,171 INFO [org.springframework.beans.factory.support.DefaultListableBeanFactory] - Pre-instantiating singletons in org.springframework.beans.factory.support.DefaultListableBeanFactory@8238f4: defining beans [org.springframework.aop.config.internalAutoProxyCreator,businessProfiler,myBusinessClass]; root of factory hierarchy
2014-05-06 12:20:06,600 INFO [org.springframework.context.support.ClassPathXmlApplicationContext] - Refreshing org.springframework.context.support.ClassPathXmlApplicationContext@482923: startup date [Tue May 06 12:20:06 IST 2014]; root of context hierarchy
2014-05-06 12:20:06,725 INFO [org.springframework.beans.factory.xml.XmlBeanDefinitionReader] - Loading XML bean definitions from class path resource [business.xml]
2014-05-06 12:20:07,506 INFO [org.springframework.beans.factory.support.DefaultListableBeanFactory] - Pre-instantiating singletons in org.springframework.beans.factory.support.DefaultListableBeanFactory@19a32e0: defining beans [org.springframework.aop.config.internalAutoProxyCreator,businessProfiler,myBusinessClass]; root of factory hierarchy
2014-06-30 11:25:14,303 INFO [org.springframework.context.support.ClassPathXmlApplicationContext] - Refreshing org.springframework.context.support.ClassPathXmlApplicationContext@c62080: startup date [Mon Jun 30 11:25:14 IST 2014]; root of context hierarchy
2014-06-30 11:25:14,412 INFO [org.springframework.beans.factory.xml.XmlBeanDefinitionReader] - Loading XML bean definitions from class path resource [business.xml]
2014-06-30 11:25:14,740 INFO [org.springframework.beans.factory.support.DefaultListableBeanFactory] - Pre-instantiating singletons in org.springframework.beans.factory.support.DefaultListableBeanFactory@18b7245: defining beans [org.springframework.aop.config.internalAutoProxyCreator,businessProfiler,myBusinessClass]; root of factory hierarchy
2014-06-30 11:25:15,270 INFO [org.springframework.beans.factory.support.DefaultListableBeanFactory] - Destroying singletons in org.springframework.beans.factory.support.DefaultListableBeanFactory@18b7245: defining beans [org.springframework.aop.config.internalAutoProxyCreator,businessProfiler,myBusinessClass]; root of factory hierarchy
2014-06-30 11:26:04,380 INFO [org.springframework.context.support.ClassPathXmlApplicationContext] - Refreshing org.springframework.context.support.ClassPathXmlApplicationContext@c62080: startup date [Mon Jun 30 11:26:04 IST 2014]; root of context hierarchy
2014-06-30 11:26:04,442 INFO [org.springframework.beans.factory.xml.XmlBeanDefinitionReader] - Loading XML bean definitions from class path resource [business.xml]
2014-06-30 11:26:04,754 INFO [org.springframework.beans.factory.support.DefaultListableBeanFactory] - Pre-instantiating singletons in org.springframework.beans.factory.support.DefaultListableBeanFactory@18b7245: defining beans [org.springframework.aop.config.internalAutoProxyCreator,businessProfiler,myBusinessClass]; root of factory hierarchy
2014-06-30 11:26:04,926 INFO [org.springframework.beans.factory.support.DefaultListableBeanFactory] - Destroying singletons in org.springframework.beans.factory.support.DefaultListableBeanFactory@18b7245: defining beans [org.springframework.aop.config.internalAutoProxyCreator,businessProfiler,myBusinessClass]; root of factory hierarchy
2014-06-30 12:41:26,591 INFO [org.springframework.context.support.ClassPathXmlApplicationContext] - Refreshing org.springframework.context.support.ClassPathXmlApplicationContext@12ddfe4: startup date [Mon Jun 30 12:41:26 IST 2014]; root of context hierarchy
2014-06-30 12:41:26,669 INFO [org.springframework.beans.factory.xml.XmlBeanDefinitionReader] - Loading XML bean definitions from class path resource [business.xml]
2014-06-30 12:41:26,996 INFO [org.springframework.beans.factory.support.DefaultListableBeanFactory] - Pre-instantiating singletons in org.springframework.beans.factory.support.DefaultListableBeanFactory@18b7245: defining beans [org.springframework.aop.config.internalAutoProxyCreator,businessProfiler,myBusinessClass]; root of factory hierarchy
2014-06-30 12:41:27,260 INFO [org.springframework.beans.factory.support.DefaultListableBeanFactory] - Destroying singletons in org.springframework.beans.factory.support.DefaultListableBeanFactory@18b7245: defining beans [org.springframework.aop.config.internalAutoProxyCreator,businessProfiler,myBusinessClass]; root of factory hierarchy
2014-10-09 10:41:18,188 INFO [org.springframework.context.support.ClassPathXmlApplicationContext] - Refreshing org.springframework.context.support.ClassPathXmlApplicationContext@17fc44f: startup date [Thu Oct 09 10:41:18 IST 2014]; root of context hierarchy
2014-10-09 10:41:18,250 INFO [org.springframework.beans.factory.xml.XmlBeanDefinitionReader] - Loading XML bean definitions from class path resource [business.xml]
2014-10-09 10:41:18,484 INFO [org.springframework.beans.factory.support.DefaultListableBeanFactory] - Pre-instantiating singletons in org.springframework.beans.factory.support.DefaultListableBeanFactory@1fb36c2: defining beans [org.springframework.aop.config.internalAutoProxyCreator,businessProfiler,myBusinessClass]; root of factory hierarchy
2014-10-09 10:41:18,765 INFO [org.springframework.beans.factory.support.DefaultListableBeanFactory] - Destroying singletons in org.springframework.beans.factory.support.DefaultListableBeanFactory@1fb36c2: defining beans [org.springframework.aop.config.internalAutoProxyCreator,businessProfiler,myBusinessClass]; root of factory hierarchy
2014-10-09 10:42:07,297 INFO [org.springframework.context.support.ClassPathXmlApplicationContext] - Refreshing org.springframework.context.support.ClassPathXmlApplicationContext@15fea60: startup date [Thu Oct 09 10:42:07 IST 2014]; root of context hierarchy
2014-10-09 10:42:07,359 INFO [org.springframework.beans.factory.xml.XmlBeanDefinitionReader] - Loading XML bean definitions from class path resource [business.xml]
2014-10-09 10:42:07,952 INFO [org.springframework.beans.factory.support.DefaultListableBeanFactory] - Pre-instantiating singletons in org.springframework.beans.factory.support.DefaultListableBeanFactory@7b6889: defining beans [org.springframework.aop.config.internalAutoProxyCreator,businessProfiler,myBusinessClass]; root of factory hierarchy
2014-10-09 12:55:14,475 INFO [org.springframework.context.support.ClassPathXmlApplicationContext] - Refreshing org.springframework.context.support.ClassPathXmlApplicationContext@15fea60: startup date [Thu Oct 09 12:55:14 IST 2014]; root of context hierarchy
2014-10-09 12:55:14,663 INFO [org.springframework.beans.factory.xml.XmlBeanDefinitionReader] - Loading XML bean definitions from class path resource [business.xml]
2014-10-09 12:55:15,630 INFO [org.springframework.beans.factory.support.DefaultListableBeanFactory] - Pre-instantiating singletons in org.springframework.beans.factory.support.DefaultListableBeanFactory@7b6889: defining beans [org.springframework.aop.config.internalAutoProxyCreator,businessProfiler,myBusinessClass]; root of factory hierarchy
2015-01-06 11:25:43,824 INFO [org.springframework.context.support.ClassPathXmlApplicationContext] - Refreshing org.springframework.context.support.ClassPathXmlApplicationContext@17fc44f: startup date [Tue Jan 06 11:25:43 IST 2015]; root of context hierarchy
2015-01-06 11:25:43,886 INFO [org.springframework.beans.factory.xml.XmlBeanDefinitionReader] - Loading XML bean definitions from class path resource [business.xml]
2015-01-06 11:25:44,136 INFO [org.springframework.beans.factory.support.DefaultListableBeanFactory] - Pre-instantiating singletons in org.springframework.beans.factory.support.DefaultListableBeanFactory@1c8132a: defining beans [org.springframework.aop.config.internalAutoProxyCreator,businessProfiler,myBusinessClass]; root of factory hierarchy
2015-01-06 11:25:44,292 INFO [org.springframework.beans.factory.support.DefaultListableBeanFactory] - Destroying singletons in org.springframework.beans.factory.support.DefaultListableBeanFactory@1c8132a: defining beans [org.springframework.aop.config.internalAutoProxyCreator,businessProfiler,myBusinessClass]; root of factory hierarchy
2015-01-06 11:26:53,168 INFO [org.springframework.context.support.ClassPathXmlApplicationContext] - Refreshing org.springframework.context.support.ClassPathXmlApplicationContext@15fea60: startup date [Tue Jan 06 11:26:53 IST 2015]; root of context hierarchy
2015-01-06 11:26:53,340 INFO [org.springframework.beans.factory.xml.XmlBeanDefinitionReader] - Loading XML bean definitions from class path resource [business.xml]
2015-01-06 11:26:53,745 INFO [org.springframework.beans.factory.support.DefaultListableBeanFactory] - Pre-instantiating singletons in org.springframework.beans.factory.support.DefaultListableBeanFactory@7b6889: defining beans [org.springframework.aop.config.internalAutoProxyCreator,businessProfiler,myBusinessClass]; root of factory hierarchy
2015-05-22 09:21:55,762 INFO [org.springframework.context.support.ClassPathXmlApplicationContext] - Refreshing org.springframework.context.support.ClassPathXmlApplicationContext@13136e5: startup date [Fri May 22 09:21:55 IST 2015]; root of context hierarchy
2015-05-22 09:21:55,763 INFO [org.springframework.context.support.ClassPathXmlApplicationContext] - Refreshing org.springframework.context.support.ClassPathXmlApplicationContext@b2c64: startup date [Fri May 22 09:21:55 IST 2015]; root of context hierarchy
2015-05-22 09:21:56,068 INFO [org.springframework.beans.factory.xml.XmlBeanDefinitionReader] - Loading XML bean definitions from class path resource [business.xml]
2015-05-22 09:21:56,068 INFO [org.springframework.beans.factory.xml.XmlBeanDefinitionReader] - Loading XML bean definitions from class path resource [business.xml]
2015-05-22 09:21:57,585 INFO [org.springframework.beans.factory.support.DefaultListableBeanFactory] - Pre-instantiating singletons in org.springframework.beans.factory.support.DefaultListableBeanFactory@1c8132a: defining beans [org.springframework.aop.config.internalAutoProxyCreator,businessProfiler,myBusinessClass]; root of factory hierarchy
2015-05-22 09:21:57,585 INFO [org.springframework.beans.factory.support.DefaultListableBeanFactory] - Pre-instantiating singletons in org.springframework.beans.factory.support.DefaultListableBeanFactory@1ab0576: defining beans [org.springframework.aop.config.internalAutoProxyCreator,businessProfiler,myBusinessClass]; root of factory hierarchy
2015-05-22 09:21:58,522 INFO [org.springframework.beans.factory.support.DefaultListableBeanFactory] - Destroying singletons in org.springframework.beans.factory.support.DefaultListableBeanFactory@1ab0576: defining beans [org.springframework.aop.config.internalAutoProxyCreator,businessProfiler,myBusinessClass]; root of factory hierarchy
2015-05-22 09:21:58,522 INFO [org.springframework.beans.factory.support.DefaultListableBeanFactory] - Destroying singletons in org.springframework.beans.factory.support.DefaultListableBeanFactory@1c8132a: defining beans [org.springframework.aop.config.internalAutoProxyCreator,businessProfiler,myBusinessClass]; root of factory hierarchy
2015-05-22 09:22:15,276 INFO [org.springframework.context.support.ClassPathXmlApplicationContext] - Refreshing org.springframework.context.support.ClassPathXmlApplicationContext@c62080: startup date [Fri May 22 09:22:15 IST 2015]; root of context hierarchy
2015-05-22 09:22:15,339 INFO [org.springframework.beans.factory.xml.XmlBeanDefinitionReader] - Loading XML bean definitions from class path resource [business.xml]
2015-05-22 09:22:15,576 INFO [org.springframework.beans.factory.support.DefaultListableBeanFactory] - Pre-instantiating singletons in org.springframework.beans.factory.support.DefaultListableBeanFactory@1fb36c2: defining beans [org.springframework.aop.config.internalAutoProxyCreator,businessProfiler,myBusinessClass]; root of factory hierarchy
2015-05-22 09:22:15,755 INFO [org.springframework.beans.factory.support.DefaultListableBeanFactory] - Destroying singletons in org.springframework.beans.factory.support.DefaultListableBeanFactory@1fb36c2: defining beans [org.springframework.aop.config.internalAutoProxyCreator,businessProfiler,myBusinessClass]; root of factory hierarchy
2015-05-22 09:22:37,219 INFO [org.springframework.context.support.ClassPathXmlApplicationContext] - Refreshing org.springframework.context.support.ClassPathXmlApplicationContext@c62080: startup date [Fri May 22 09:22:37 IST 2015]; root of context hierarchy
2015-05-22 09:22:37,280 INFO [org.springframework.beans.factory.xml.XmlBeanDefinitionReader] - Loading XML bean definitions from class path resource [business.xml]
2015-05-22 09:22:37,514 INFO [org.springframework.beans.factory.support.DefaultListableBeanFactory] - Pre-instantiating singletons in org.springframework.beans.factory.support.DefaultListableBeanFactory@1fb36c2: defining beans [org.springframework.aop.config.internalAutoProxyCreator,businessProfiler,myBusinessClass]; root of factory hierarchy
2015-05-22 09:22:37,692 INFO [org.springframework.beans.factory.support.DefaultListableBeanFactory] - Destroying singletons in org.springframework.beans.factory.support.DefaultListableBeanFactory@1fb36c2: defining beans [org.springframework.aop.config.internalAutoProxyCreator,businessProfiler,myBusinessClass]; root of factory hierarchy
2015-05-22 09:22:52,106 INFO [org.springframework.context.support.ClassPathXmlApplicationContext] - Refreshing org.springframework.context.support.ClassPathXmlApplicationContext@c62080: startup date [Fri May 22 09:22:52 IST 2015]; root of context hierarchy
2015-05-22 09:22:52,171 INFO [org.springframework.beans.factory.xml.XmlBeanDefinitionReader] - Loading XML bean definitions from class path resource [business.xml]
2015-05-22 09:22:52,497 INFO [org.springframework.beans.factory.support.DefaultListableBeanFactory] - Pre-instantiating singletons in org.springframework.beans.factory.support.DefaultListableBeanFactory@1fb36c2: defining beans [org.springframework.aop.config.internalAutoProxyCreator,businessProfiler,myBusinessClass]; root of factory hierarchy
2015-05-22 09:22:52,679 INFO [org.springframework.beans.factory.support.DefaultListableBeanFactory] - Destroying singletons in org.springframework.beans.factory.support.DefaultListableBeanFactory@1fb36c2: defining beans [org.springframework.aop.config.internalAutoProxyCreator,businessProfiler,myBusinessClass]; root of factory hierarchy
2015-05-22 11:37:39,069 INFO [org.springframework.context.support.ClassPathXmlApplicationContext] - Refreshing org.springframework.context.support.ClassPathXmlApplicationContext@15fea60: startup date [Fri May 22 11:37:39 IST 2015]; root of context hierarchy
2015-05-22 11:37:39,272 INFO [org.springframework.beans.factory.xml.XmlBeanDefinitionReader] - Loading XML bean definitions from class path resource [business.xml]
2015-05-22 11:37:40,224 INFO [org.springframework.beans.factory.support.DefaultListableBeanFactory] - Pre-instantiating singletons in org.springframework.beans.factory.support.DefaultListableBeanFactory@7b6889: defining beans [org.springframework.aop.config.internalAutoProxyCreator,businessProfiler,myBusinessClass]; root of factory hierarchy
2015-05-22 12:36:33,695 INFO [org.springframework.context.support.ClassPathXmlApplicationContext] - Refreshing org.springframework.context.support.ClassPathXmlApplicationContext@15fea60: startup date [Fri May 22 12:36:33 IST 2015]; root of context hierarchy
2015-05-22 12:36:34,039 INFO [org.springframework.beans.factory.xml.XmlBeanDefinitionReader] - Loading XML bean definitions from class path resource [business.xml]
2015-05-22 12:36:35,255 INFO [org.springframework.beans.factory.support.DefaultListableBeanFactory] - Pre-instantiating singletons in org.springframework.beans.factory.support.DefaultListableBeanFactory@7b6889: defining beans [org.springframework.aop.config.internalAutoProxyCreator,businessProfiler,myBusinessClass]; root of factory hierarchy
