2014-08-25 19:54:42,027 INFO [org.springframework.context.support.ClassPathXmlApplicationContext] - Refreshing org.springframework.context.support.ClassPathXmlApplicationContext@fc9d2b: startup date [Mon Aug 25 19:54:42 IST 2014]; root of context hierarchy
2014-08-25 19:54:42,073 INFO [org.springframework.beans.factory.xml.XmlBeanDefinitionReader] - Loading XML bean definitions from class path resource [jdbc.xml]
2014-08-25 19:54:42,354 INFO [org.springframework.beans.factory.config.PropertyPlaceholderConfigurer] - Loading properties file from class path resource [oracle.properties]
2014-08-25 19:54:42,354 INFO [org.springframework.beans.factory.support.DefaultListableBeanFactory] - Pre-instantiating singletons in org.springframework.beans.factory.support.DefaultListableBeanFactory@10a1b36: defining beans [properties,dataSource,simpleJdbcTemplate,employeeDao]; root of factory hierarchy
2014-08-25 19:54:42,385 INFO [org.springframework.jdbc.datasource.DriverManagerDataSource] - Loaded JDBC driver: oracle.jdbc.driver.OracleDriver
2014-08-25 19:54:43,057 INFO [org.springframework.beans.factory.xml.XmlBeanDefinitionReader] - Loading XML bean definitions from class path resource [org/springframework/jdbc/support/sql-error-codes.xml]
2014-08-25 19:54:43,151 INFO [org.springframework.jdbc.support.SQLErrorCodesFactory] - SQLErrorCodes loaded: [DB2, Derby, H2, HSQL, Informix, MS-SQL, MySQL, Oracle, PostgreSQL, Sybase]
2014-08-25 19:55:21,013 INFO [org.springframework.context.support.ClassPathXmlApplicationContext] - Refreshing org.springframework.context.support.ClassPathXmlApplicationContext@fc9d2b: startup date [Mon Aug 25 19:55:21 IST 2014]; root of context hierarchy
2014-08-25 19:55:21,060 INFO [org.springframework.beans.factory.xml.XmlBeanDefinitionReader] - Loading XML bean definitions from class path resource [jdbc.xml]
2014-08-25 19:55:21,231 INFO [org.springframework.beans.factory.config.PropertyPlaceholderConfigurer] - Loading properties file from class path resource [oracle.properties]
2014-08-25 19:55:21,231 INFO [org.springframework.beans.factory.support.DefaultListableBeanFactory] - Pre-instantiating singletons in org.springframework.beans.factory.support.DefaultListableBeanFactory@10a1b36: defining beans [properties,dataSource,simpleJdbcTemplate,employeeDao]; root of factory hierarchy
2014-08-25 19:55:21,247 INFO [org.springframework.jdbc.datasource.DriverManagerDataSource] - Loaded JDBC driver: oracle.jdbc.driver.OracleDriver
2014-09-18 16:51:55,733 INFO [org.springframework.context.support.ClassPathXmlApplicationContext] - Refreshing org.springframework.context.support.ClassPathXmlApplicationContext@3c35fd: startup date [Thu Sep 18 16:51:55 IST 2014]; root of context hierarchy
2014-09-18 16:51:55,780 INFO [org.springframework.beans.factory.xml.XmlBeanDefinitionReader] - Loading XML bean definitions from class path resource [jdbc.xml]
2014-09-18 16:51:55,983 INFO [org.springframework.beans.factory.config.PropertyPlaceholderConfigurer] - Loading properties file from class path resource [oracle.properties]
2014-09-18 16:51:56,014 INFO [org.springframework.beans.factory.support.DefaultListableBeanFactory] - Pre-instantiating singletons in org.springframework.beans.factory.support.DefaultListableBeanFactory@1363ff: defining beans [properties,dataSource,simpleJdbcTemplate,employeeDao]; root of factory hierarchy
2014-09-18 16:51:56,076 INFO [org.springframework.jdbc.datasource.DriverManagerDataSource] - Loaded JDBC driver: oracle.jdbc.driver.OracleDriver
2014-09-18 16:51:57,122 INFO [org.springframework.beans.factory.xml.XmlBeanDefinitionReader] - Loading XML bean definitions from class path resource [org/springframework/jdbc/support/sql-error-codes.xml]
2014-09-18 16:51:57,263 INFO [org.springframework.jdbc.support.SQLErrorCodesFactory] - SQLErrorCodes loaded: [DB2, Derby, H2, HSQL, Informix, MS-SQL, MySQL, Oracle, PostgreSQL, Sybase]
2014-09-18 16:52:27,372 INFO [org.springframework.context.support.ClassPathXmlApplicationContext] - Refreshing org.springframework.context.support.ClassPathXmlApplicationContext@482bad: startup date [Thu Sep 18 16:52:27 IST 2014]; root of context hierarchy
2014-09-18 16:52:27,434 INFO [org.springframework.beans.factory.xml.XmlBeanDefinitionReader] - Loading XML bean definitions from class path resource [jdbc.xml]
2014-09-18 16:52:27,637 INFO [org.springframework.beans.factory.config.PropertyPlaceholderConfigurer] - Loading properties file from class path resource [oracle.properties]
2014-09-18 16:52:27,637 INFO [org.springframework.beans.factory.support.DefaultListableBeanFactory] - Pre-instantiating singletons in org.springframework.beans.factory.support.DefaultListableBeanFactory@1529466: defining beans [properties,dataSource,simpleJdbcTemplate,employeeDao]; root of factory hierarchy
2014-09-18 16:52:27,653 INFO [org.springframework.jdbc.datasource.DriverManagerDataSource] - Loaded JDBC driver: oracle.jdbc.driver.OracleDriver
2014-09-23 15:23:27,481 INFO [org.springframework.context.support.ClassPathXmlApplicationContext] - Refreshing org.springframework.context.support.ClassPathXmlApplicationContext@8d5aad: startup date [Tue Sep 23 15:23:27 IST 2014]; root of context hierarchy
2014-09-23 15:23:27,808 INFO [org.springframework.beans.factory.xml.XmlBeanDefinitionReader] - Loading XML bean definitions from class path resource [jdbc.xml]
2014-09-23 15:23:28,495 INFO [org.springframework.beans.factory.config.PropertyPlaceholderConfigurer] - Loading properties file from class path resource [oracle.properties]
2014-09-23 15:23:28,526 INFO [org.springframework.beans.factory.support.DefaultListableBeanFactory] - Pre-instantiating singletons in org.springframework.beans.factory.support.DefaultListableBeanFactory@1363ff: defining beans [properties,dataSource,simpleJdbcTemplate,employeeDao]; root of factory hierarchy
2014-09-23 15:23:28,588 INFO [org.springframework.jdbc.datasource.DriverManagerDataSource] - Loaded JDBC driver: oracle.jdbc.driver.OracleDriver
